0 silly input [ 'start' ]
1 silly flags { _: [ 'run' ],
1 silly flags   'reject-cycles': false,
1 silly flags   rejectCycles: false,
1 silly flags   scope: 'subscriber',
1 silly flags   script: 'start',
1 silly flags   args: [] }
2 verbose rootPath /Users/samiwel/git/pubsub
3 info version 2.11.0
4 silly existsSync /Users/samiwel/git/pubsub/VERSION
5 info scope subscriber
6 silly initialize attempt
7 silly initialize success
8 silly execute attempt
9 silly runScriptInDir start [] subscriber
10 silly getExecOpts { cwd: '/Users/samiwel/git/pubsub/packages/subscriber' }
11 error start Errored while running script in 'subscriber'
12 error execute callback with error
13 error Error: Command failed: npm run start
13 error sh: index.js: command not found
13 error npm ERR! file sh
13 error npm ERR! code ELIFECYCLE
13 error npm ERR! errno ENOENT
13 error npm ERR! syscall spawn
13 error npm ERR! subscriber@1.0.0 start: `index.js`
13 error npm ERR! spawn ENOENT
13 error npm ERR!
13 error npm ERR! Failed at the subscriber@1.0.0 start script.
13 error npm ERR! This is probably not a problem with npm. There is likely additional logging output above.
13 error
13 error npm ERR! A complete log of this run can be found in:
13 error npm ERR!     /Users/samiwel/.npm/_logs/2018-06-01T20_31_05_435Z-debug.log
13 error
13 error > subscriber@1.0.0 start /Users/samiwel/git/pubsub/packages/subscriber
13 error > index.js
13 error
13 error
13 error     at Promise.all.then.arr (/Users/samiwel/.config/yarn/global/node_modules/lerna/node_modules/execa/index.js:236:11)
13 error     at <anonymous>
